<?xml version="1.0" encoding="UTF-8"?>
<!-- Generated by org.testng.reporters.JUnitReportReporter -->
<testsuite skipped="0" hostname="Aniket-Lappie" name="com.testCases.TC_login001" tests="1" failures="0" timestamp="2022-03-31T08:55:43 IST" time="23.353" errors="0">
  <testcase name="loginTest" time="23.353" classname="com.testCases.TC_login001"/>
  <system-out/>
</testsuite> <!-- com.testCases.TC_login001 -->
